This file contains any messages produced by compilers while
running configure, to aid debugging if configure makes a mistake.

It was created by SPTK configure 3.6, which was
generated by GNU Autoconf 2.63.  Invocation command line was

  $ ./configure --prefix=/Users/athiyadeviyani/CMU-INDSTUDY/build/SPTK

## --------- ##
## Platform. ##
## --------- ##

hostname = athiyas-air.wifi.local.cmu.edu
uname -m = x86_64
uname -r = 19.6.0
uname -s = Darwin
uname -v = Darwin Kernel Version 19.6.0: Thu Oct 29 22:56:45 PDT 2020; root:xnu-6153.141.2.2~1/RELEASE_X86_64

/usr/bin/uname -p = i386
/bin/uname -X     = unknown

/bin/arch              = unknown
/usr/bin/arch -k       = unknown
/usr/convex/getsysinfo = unknown
/usr/bin/hostinfo      = Mach kernel version:
	 Darwin Kernel Version 19.6.0: Thu Oct 29 22:56:45 PDT 2020; root:xnu-6153.141.2.2~1/RELEASE_X86_64
Kernel configured for up to 4 processors.
2 processors are physically available.
4 processors are logically available.
Processor type: x86_64h (Intel x86-64h Haswell)
Processors active: 0 1 2 3
Primary memory available: 8.00 gigabytes
Default processor set: 390 tasks, 2018 threads, 4 processors
Load average: 10.82, Mach factor: 0.70
/bin/machine           = unknown
/usr/bin/oslevel       = unknown
/bin/universe          = unknown

PATH: /opt/anaconda3/bin
PATH: /opt/anaconda3/condabin
PATH: /usr/local/bin
PATH: /usr/bin
PATH: /bin
PATH: /usr/sbin
PATH: /sbin


## ----------- ##
## Core tests. ##
## ----------- ##

configure:1924: checking for a BSD-compatible install
configure:1992: result: /usr/bin/install -c
configure:2003: checking whether build environment is sane
configure:2046: result: yes
configure:2071: checking for a thread-safe mkdir -p
configure:2110: result: config/install-sh -c -d
configure:2123: checking for gawk
configure:2153: result: no
configure:2123: checking for mawk
configure:2153: result: no
configure:2123: checking for nawk
configure:2153: result: no
configure:2123: checking for awk
configure:2139: found /usr/bin/awk
configure:2150: result: awk
configure:2161: checking whether make sets $(MAKE)
configure:2183: result: yes
configure:2413: checking for gcc
configure:2429: found /usr/bin/gcc
configure:2440: result: gcc
configure:2672: checking for C compiler version
configure:2680: gcc --version >&5
Configured with: --prefix=/Library/Developer/CommandLineTools/usr --with-gxx-include-dir=/Library/Developer/CommandLineTools/SDKs/MacOSX10.15.sdk/usr/include/c++/4.2.1
Apple clang version 12.0.0 (clang-1200.0.32.29)
Target: x86_64-apple-darwin19.6.0
Thread model: posix
InstalledDir: /Library/Developer/CommandLineTools/usr/bin
configure:2684: $? = 0
configure:2691: gcc -v >&5
Configured with: --prefix=/Library/Developer/CommandLineTools/usr --with-gxx-include-dir=/Library/Developer/CommandLineTools/SDKs/MacOSX10.15.sdk/usr/include/c++/4.2.1
Apple clang version 12.0.0 (clang-1200.0.32.29)
Target: x86_64-apple-darwin19.6.0
Thread model: posix
InstalledDir: /Library/Developer/CommandLineTools/usr/bin
configure:2695: $? = 0
configure:2702: gcc -V >&5
clang: error: argument to '-V' is missing (expected 1 value)
clang: error: no input files
configure:2706: $? = 1
configure:2729: checking for C compiler default output file name
configure:2751: gcc    conftest.c  >&5
configure:2755: $? = 0
configure:2793: result: a.out
configure:2812: checking whether the C compiler works
configure:2822: ./a.out
configure:2826: $? = 0
configure:2845: result: yes
configure:2852: checking whether we are cross compiling
configure:2854: result: no
configure:2857: checking for suffix of executables
configure:2864: gcc -o conftest    conftest.c  >&5
configure:2868: $? = 0
configure:2894: result: 
configure:2900: checking for suffix of object files
configure:2926: gcc -c   conftest.c >&5
configure:2930: $? = 0
configure:2955: result: o
configure:2959: checking whether we are using the GNU C compiler
configure:2988: gcc -c   conftest.c >&5
configure:2995: $? = 0
configure:3012: result: yes
configure:3021: checking whether gcc accepts -g
configure:3051: gcc -c -g  conftest.c >&5
configure:3058: $? = 0
configure:3159: result: yes
configure:3176: checking for gcc option to accept ISO C89
configure:3250: gcc  -c -g -O2  conftest.c >&5
configure:3257: $? = 0
configure:3280: result: none needed
configure:3309: checking for style of include used by make
configure:3337: result: GNU
configure:3362: checking dependency style of gcc
configure:3453: result: gcc3
configure:3469: checking whether gcc and cc understand -c and -o together
configure:3504: gcc -c conftest.c -o conftest2.o >&5
configure:3508: $? = 0
configure:3514: gcc -c conftest.c -o conftest2.o >&5
configure:3518: $? = 0
configure:3529: cc -c conftest.c >&5
configure:3533: $? = 0
configure:3541: cc -c conftest.c -o conftest2.o >&5
configure:3545: $? = 0
configure:3551: cc -c conftest.c -o conftest2.o >&5
configure:3555: $? = 0
configure:3573: result: yes
configure:3614: checking for a BSD-compatible install
configure:3682: result: /usr/bin/install -c
configure:3693: checking whether ln -s works
configure:3697: result: yes
configure:3747: checking for ranlib
configure:3763: found /usr/bin/ranlib
configure:3774: result: ranlib
configure:3842: checking for ar
configure:3858: found /usr/bin/ar
configure:3869: result: ar
configure:3893: checking for csh
configure:3911: found /bin/csh
configure:3924: result: /bin/csh
configure:3936: checking for log in -lm
configure:3971: gcc -o conftest -g -O2   conftest.c -lm   >&5
conftest.c:15:6: warning: incompatible redeclaration of library function 'log' [-Wincompatible-library-redeclaration]
char log ();
     ^
conftest.c:15:6: note: 'log' is a builtin with type 'double (double)'
1 warning generated.
configure:3978: $? = 0
configure:3999: result: yes
configure:4021: checking how to run the C preprocessor
configure:4061: gcc -E  conftest.c
configure:4068: $? = 0
configure:4099: gcc -E  conftest.c
conftest.c:9:10: fatal error: 'ac_nonexistent.h' file not found
#include <ac_nonexistent.h>
         ^~~~~~~~~~~~~~~~~~
1 error generated.
configure:4106: $? = 1
configure: failed program was:
| /* confdefs.h.  */
| #define PACKAGE_NAME "SPTK"
| #define PACKAGE_TARNAME "sptk"
| #define PACKAGE_VERSION "3.6"
| #define PACKAGE_STRING "SPTK 3.6"
| #define PACKAGE_BUGREPORT "http://sourceforge.net/projects/sp-tk/"
| #define HAVE_LIBM 1
| /* end confdefs.h.  */
| #include <ac_nonexistent.h>
configure:4139: result: gcc -E
configure:4168: gcc -E  conftest.c
configure:4175: $? = 0
configure:4206: gcc -E  conftest.c
conftest.c:9:10: fatal error: 'ac_nonexistent.h' file not found
#include <ac_nonexistent.h>
         ^~~~~~~~~~~~~~~~~~
1 error generated.
configure:4213: $? = 1
configure: failed program was:
| /* confdefs.h.  */
| #define PACKAGE_NAME "SPTK"
| #define PACKAGE_TARNAME "sptk"
| #define PACKAGE_VERSION "3.6"
| #define PACKAGE_STRING "SPTK 3.6"
| #define PACKAGE_BUGREPORT "http://sourceforge.net/projects/sp-tk/"
| #define HAVE_LIBM 1
| /* end confdefs.h.  */
| #include <ac_nonexistent.h>
configure:4253: checking for X
configure:4368: gcc -E  conftest.c
conftest.c:9:10: fatal error: 'X11/Xlib.h' file not found
#include <X11/Xlib.h>
         ^~~~~~~~~~~~
1 error generated.
configure:4375: $? = 1
configure: failed program was:
| /* confdefs.h.  */
| #define PACKAGE_NAME "SPTK"
| #define PACKAGE_TARNAME "sptk"
| #define PACKAGE_VERSION "3.6"
| #define PACKAGE_STRING "SPTK 3.6"
| #define PACKAGE_BUGREPORT "http://sourceforge.net/projects/sp-tk/"
| #define HAVE_LIBM 1
| /* end confdefs.h.  */
| #include <X11/Xlib.h>
configure:4424: gcc -o conftest -g -O2   conftest.c -lX11 -lm  >&5
conftest.c:9:10: fatal error: 'X11/Xlib.h' file not found
#include <X11/Xlib.h>
         ^~~~~~~~~~~~
1 error generated.
configure:4431: $? = 1
configure: failed program was:
| /* confdefs.h.  */
| #define PACKAGE_NAME "SPTK"
| #define PACKAGE_TARNAME "sptk"
| #define PACKAGE_VERSION "3.6"
| #define PACKAGE_STRING "SPTK 3.6"
| #define PACKAGE_BUGREPORT "http://sourceforge.net/projects/sp-tk/"
| #define HAVE_LIBM 1
| /* end confdefs.h.  */
| #include <X11/Xlib.h>
| int
| main ()
| {
| XrmInitialize ()
|   ;
|   return 0;
| }
configure:4482: result: no
configure:5654: checking for grep that handles long lines and -e
configure:5714: result: /usr/bin/grep
configure:5719: checking for egrep
configure:5783: result: /usr/bin/grep -E
configure:5788: checking for ANSI C header files
configure:5818: gcc -c -g -O2  conftest.c >&5
configure:5825: $? = 0
configure:5924: gcc -o conftest -g -O2   conftest.c -lm  >&5
configure:5928: $? = 0
configure:5934: ./conftest
configure:5938: $? = 0
configure:5956: result: yes
configure:5980: checking for sys/types.h
configure:6001: gcc -c -g -O2  conftest.c >&5
configure:6008: $? = 0
configure:6025: result: yes
configure:5980: checking for sys/stat.h
configure:6001: gcc -c -g -O2  conftest.c >&5
configure:6008: $? = 0
configure:6025: result: yes
configure:5980: checking for stdlib.h
configure:6001: gcc -c -g -O2  conftest.c >&5
configure:6008: $? = 0
configure:6025: result: yes
configure:5980: checking for string.h
configure:6001: gcc -c -g -O2  conftest.c >&5
configure:6008: $? = 0
configure:6025: result: yes
configure:5980: checking for memory.h
configure:6001: gcc -c -g -O2  conftest.c >&5
configure:6008: $? = 0
configure:6025: result: yes
configure:5980: checking for strings.h
configure:6001: gcc -c -g -O2  conftest.c >&5
configure:6008: $? = 0
configure:6025: result: yes
configure:5980: checking for inttypes.h
configure:6001: gcc -c -g -O2  conftest.c >&5
configure:6008: $? = 0
configure:6025: result: yes
configure:5980: checking for stdint.h
configure:6001: gcc -c -g -O2  conftest.c >&5
configure:6008: $? = 0
configure:6025: result: yes
configure:5980: checking for unistd.h
configure:6001: gcc -c -g -O2  conftest.c >&5
configure:6008: $? = 0
configure:6025: result: yes
configure:6060: checking fcntl.h usability
configure:6077: gcc -c -g -O2  conftest.c >&5
configure:6084: $? = 0
configure:6098: result: yes
configure:6102: checking fcntl.h presence
configure:6117: gcc -E  conftest.c
configure:6124: $? = 0
configure:6138: result: yes
configure:6171: checking for fcntl.h
configure:6180: result: yes
configure:6060: checking limits.h usability
configure:6077: gcc -c -g -O2  conftest.c >&5
configure:6084: $? = 0
configure:6098: result: yes
configure:6102: checking limits.h presence
configure:6117: gcc -E  conftest.c
configure:6124: $? = 0
configure:6138: result: yes
configure:6171: checking for limits.h
configure:6180: result: yes
configure:6049: checking for stdlib.h
configure:6056: result: yes
configure:6049: checking for string.h
configure:6056: result: yes
configure:6049: checking for strings.h
configure:6056: result: yes
configure:6060: checking sys/ioctl.h usability
configure:6077: gcc -c -g -O2  conftest.c >&5
configure:6084: $? = 0
configure:6098: result: yes
configure:6102: checking sys/ioctl.h presence
configure:6117: gcc -E  conftest.c
configure:6124: $? = 0
configure:6138: result: yes
configure:6171: checking for sys/ioctl.h
configure:6180: result: yes
configure:6198: checking for an ANSI C-conforming const
configure:6273: gcc -c -g -O2  conftest.c >&5
configure:6280: $? = 0
configure:6295: result: yes
configure:6305: checking for size_t
configure:6333: gcc -c -g -O2  conftest.c >&5
configure:6340: $? = 0
configure:6367: gcc -c -g -O2  conftest.c >&5
conftest.c:62:21: error: expected expression
if (sizeof ((size_t)))
                    ^
1 error generated.
configure:6374: $? = 1
configure: failed program was:
| /* confdefs.h.  */
| #define PACKAGE_NAME "SPTK"
| #define PACKAGE_TARNAME "sptk"
| #define PACKAGE_VERSION "3.6"
| #define PACKAGE_STRING "SPTK 3.6"
| #define PACKAGE_BUGREPORT "http://sourceforge.net/projects/sp-tk/"
| #define HAVE_LIBM 1
| #define X_DISPLAY_MISSING 1
| #define STDC_HEADERS 1
| #define HAVE_SYS_TYPES_H 1
| #define HAVE_SYS_STAT_H 1
| #define HAVE_STDLIB_H 1
| #define HAVE_STRING_H 1
| #define HAVE_MEMORY_H 1
| #define HAVE_STRINGS_H 1
| #define HAVE_INTTYPES_H 1
| #define HAVE_STDINT_H 1
| #define HAVE_UNISTD_H 1
| #define HAVE_FCNTL_H 1
| #define HAVE_LIMITS_H 1
| #define HAVE_STDLIB_H 1
| #define HAVE_STRING_H 1
| #define HAVE_STRINGS_H 1
| #define HAVE_SYS_IOCTL_H 1
| /* end confdefs.h.  */
| #include <stdio.h>
| #ifdef HAVE_SYS_TYPES_H
| # include <sys/types.h>
| #endif
| #ifdef HAVE_SYS_STAT_H
| # include <sys/stat.h>
| #endif
| #ifdef STDC_HEADERS
| # include <stdlib.h>
| # include <stddef.h>
| #else
| # ifdef HAVE_STDLIB_H
| #  include <stdlib.h>
| # endif
| #endif
| #ifdef HAVE_STRING_H
| # if !defined STDC_HEADERS && defined HAVE_MEMORY_H
| #  include <memory.h>
| # endif
| # include <string.h>
| #endif
| #ifdef HAVE_STRINGS_H
| # include <strings.h>
| #endif
| #ifdef HAVE_INTTYPES_H
| # include <inttypes.h>
| #endif
| #ifdef HAVE_STDINT_H
| # include <stdint.h>
| #endif
| #ifdef HAVE_UNISTD_H
| # include <unistd.h>
| #endif
| int
| main ()
| {
| if (sizeof ((size_t)))
| 	  return 0;
|   ;
|   return 0;
| }
configure:6397: result: yes
configure:6417: checking build system type
configure:6435: result: i386-apple-darwin19.6.0
configure:6457: checking host system type
configure:6472: result: i386-apple-darwin19.6.0
configure:6497: checking whether gcc needs -traditional
conftest.c:26:10: fatal error: 'termio.h' file not found
#include <termio.h>
         ^~~~~~~~~~
1 error generated.
configure:6539: result: no
configure:6551: checking for stdlib.h
configure:6558: result: yes
configure:6697: checking for GNU libc compatible malloc
configure:6731: gcc -o conftest -g -O2   conftest.c -lm  >&5
configure:6735: $? = 0
configure:6741: ./conftest
configure:6745: $? = 0
configure:6762: result: yes
configure:6790: checking for working strtod
configure:6841: gcc -o conftest -g -O2   conftest.c -lm  >&5
configure:6845: $? = 0
configure:6851: ./conftest
configure:6855: $? = 0
configure:6872: result: yes
configure:7044: checking for pow
configure:7100: gcc -o conftest -g -O2   conftest.c -lm  >&5
conftest.c:51:6: warning: incompatible redeclaration of library function 'pow' [-Wincompatible-library-redeclaration]
char pow ();
     ^
conftest.c:51:6: note: 'pow' is a builtin with type 'double (double, double)'
1 warning generated.
configure:7107: $? = 0
configure:7127: result: yes
configure:7137: checking for sqrt
configure:7193: gcc -o conftest -g -O2   conftest.c -lm  >&5
conftest.c:51:6: warning: incompatible redeclaration of library function 'sqrt' [-Wincompatible-library-redeclaration]
char sqrt ();
     ^
conftest.c:51:6: note: 'sqrt' is a builtin with type 'double (double)'
1 warning generated.
configure:7200: $? = 0
configure:7220: result: yes
configure:7238: checking for bzero
configure:7294: gcc -o conftest -g -O2   conftest.c -lm  >&5
conftest.c:51:6: warning: incompatible redeclaration of library function 'bzero' [-Wincompatible-library-redeclaration]
char bzero ();
     ^
conftest.c:51:6: note: 'bzero' is a builtin with type 'void (void *, unsigned long)'
1 warning generated.
configure:7301: $? = 0
configure:7323: result: yes
configure:7238: checking for memset
configure:7294: gcc -o conftest -g -O2   conftest.c -lm  >&5
conftest.c:52:6: warning: incompatible redeclaration of library function 'memset' [-Wincompatible-library-redeclaration]
char memset ();
     ^
conftest.c:52:6: note: 'memset' is a builtin with type 'void *(void *, int, unsigned long)'
1 warning generated.
configure:7301: $? = 0
configure:7323: result: yes
configure:7340: checking for strrchr
configure:7396: gcc -o conftest -g -O2   conftest.c -lm  >&5
conftest.c:53:6: warning: incompatible redeclaration of library function 'strrchr' [-Wincompatible-library-redeclaration]
char strrchr ();
     ^
conftest.c:53:6: note: 'strrchr' is a builtin with type 'char *(const char *, int)'
1 warning generated.
configure:7403: $? = 0
configure:7425: result: yes
configure:7340: checking for rindex
configure:7396: gcc -o conftest -g -O2   conftest.c -lm  >&5
conftest.c:54:6: warning: incompatible redeclaration of library function 'rindex' [-Wincompatible-library-redeclaration]
char rindex ();
     ^
conftest.c:54:6: note: 'rindex' is a builtin with type 'char *(const char *, int)'
1 warning generated.
configure:7403: $? = 0
configure:7425: result: yes
configure:7493: checking audio device
configure:8121: WARNING: not found
configure:8363: creating ./config.status

## ---------------------- ##
## Running config.status. ##
## ---------------------- ##

This file was extended by SPTK config.status 3.6, which was
generated by GNU Autoconf 2.63.  Invocation command line was

  CONFIG_FILES    = 
  CONFIG_HEADERS  = 
  CONFIG_LINKS    = 
  CONFIG_COMMANDS = 
  $ ./config.status 

on athiyas-air.wifi.local.cmu.edu

config.status:834: creating Makefile
config.status:834: creating bin/Makefile
config.status:834: creating bin/acep/Makefile
config.status:834: creating bin/acorr/Makefile
config.status:834: creating bin/agcep/Makefile
config.status:834: creating bin/amcep/Makefile
config.status:834: creating bin/average/Makefile
config.status:834: creating bin/b2mc/Makefile
config.status:834: creating bin/bcp/Makefile
config.status:834: creating bin/bcut/Makefile
config.status:834: creating bin/c2acr/Makefile
config.status:834: creating bin/c2ir/Makefile
config.status:834: creating bin/c2sp/Makefile
config.status:834: creating bin/cat2/Makefile
config.status:834: creating bin/cdist/Makefile
config.status:834: creating bin/clip/Makefile
config.status:834: creating bin/da/Makefile
config.status:834: creating bin/dct/Makefile
config.status:834: creating bin/decimate/Makefile
config.status:834: creating bin/delay/Makefile
config.status:834: creating bin/delta/Makefile
config.status:834: creating bin/df2/Makefile
config.status:834: creating bin/dfs/Makefile
config.status:834: creating bin/dmp/Makefile
config.status:834: creating bin/ds/Makefile
config.status:834: creating bin/dtw/Makefile
config.status:834: creating bin/echo2/Makefile
config.status:834: creating bin/excite/Makefile
config.status:834: creating bin/extract/Makefile
config.status:834: creating bin/fd/Makefile
config.status:834: creating bin/fft/Makefile
config.status:834: creating bin/fft2/Makefile
config.status:834: creating bin/fftcep/Makefile
config.status:834: creating bin/fftr/Makefile
config.status:834: creating bin/fftr2/Makefile
config.status:834: creating bin/fig+fdrw/Makefile
config.status:834: creating bin/frame/Makefile
config.status:834: creating bin/freqt/Makefile
config.status:834: creating bin/gc2gc/Makefile
config.status:834: creating bin/gcep/Makefile
config.status:834: creating bin/glsadf/Makefile
config.status:834: creating bin/gmm/Makefile
config.status:834: creating bin/gnorm/Makefile
config.status:834: creating bin/grpdelay/Makefile
config.status:834: creating bin/histogram/Makefile
config.status:834: creating bin/idct/Makefile
config.status:834: creating bin/ifft/Makefile
config.status:834: creating bin/ifftr/Makefile
config.status:834: creating bin/ifft2/Makefile
config.status:834: creating bin/ignorm/Makefile
config.status:834: creating bin/impulse/Makefile
config.status:834: creating bin/imsvq/Makefile
config.status:834: creating bin/interpolate/Makefile
config.status:834: creating bin/ivq/Makefile
config.status:834: creating bin/lbg/Makefile
config.status:834: creating bin/levdur/Makefile
config.status:834: creating bin/linear_intpl/Makefile
config.status:834: creating bin/lmadf/Makefile
config.status:834: creating bin/lpc/Makefile
config.status:834: creating bin/lpc2c/Makefile
config.status:834: creating bin/lpc2lsp/Makefile
config.status:834: creating bin/lpc2par/Makefile
config.status:834: creating bin/lsp2lpc/Makefile
config.status:834: creating bin/lspcheck/Makefile
config.status:834: creating bin/lspdf/Makefile
config.status:834: creating bin/ltcdf/Makefile
config.status:834: creating bin/mc2b/Makefile
config.status:834: creating bin/mcep/Makefile
config.status:834: creating bin/merge/Makefile
config.status:834: creating bin/mfcc/Makefile
config.status:834: creating bin/mgc2mgc/Makefile
config.status:834: creating bin/mgc2sp/Makefile
config.status:834: creating bin/mgcep/Makefile
config.status:834: creating bin/mglsadf/Makefile
config.status:834: creating bin/minmax/Makefile
config.status:834: creating bin/mlpg/Makefile
config.status:834: creating bin/mlsacheck/Makefile
config.status:834: creating bin/mlsadf/Makefile
config.status:834: creating bin/msvq/Makefile
config.status:834: creating bin/nan/Makefile
config.status:834: creating bin/norm0/Makefile
config.status:834: creating bin/nrand/Makefile
config.status:834: creating bin/par2lpc/Makefile
config.status:834: creating bin/pca/Makefile
config.status:834: creating bin/phase/Makefile
config.status:834: creating bin/pitch/Makefile
config.status:834: creating bin/poledf/Makefile
config.status:834: creating bin/psgr/Makefile
config.status:834: creating bin/ramp/Makefile
config.status:834: creating bin/rawtowav/Makefile
config.status:834: creating bin/reverse/Makefile
config.status:834: creating bin/rmse/Makefile
config.status:834: creating bin/root_pol/Makefile
config.status:834: creating bin/sin/Makefile
config.status:834: creating bin/smcep/Makefile
config.status:834: creating bin/snr/Makefile
config.status:834: creating bin/sopr/Makefile
config.status:834: creating bin/spec/Makefile
config.status:834: creating bin/step/Makefile
config.status:834: creating bin/swab/Makefile
config.status:834: creating bin/symmetrize/Makefile
config.status:834: creating bin/train/Makefile
config.status:834: creating bin/transpose/Makefile
config.status:834: creating bin/uels/Makefile
config.status:834: creating bin/ulaw/Makefile
config.status:834: creating bin/us/Makefile
config.status:834: creating bin/vopr/Makefile
config.status:834: creating bin/vq/Makefile
config.status:834: creating bin/vstat/Makefile
config.status:834: creating bin/vsum/Makefile
config.status:834: creating bin/window/Makefile
config.status:834: creating bin/x2x/Makefile
config.status:834: creating bin/xgr/Makefile
config.status:834: creating bin/zcross/Makefile
config.status:834: creating bin/zerodf/Makefile
config.status:834: creating include/Makefile
config.status:834: creating lib/Makefile
config.status:834: creating script/Makefile
config.status:1045: executing depfiles commands

## ---------------- ##
## Cache variables. ##
## ---------------- ##

ac_cv_build=i386-apple-darwin19.6.0
ac_cv_c_compiler_gnu=yes
ac_cv_c_const=yes
ac_cv_env_CC_set=
ac_cv_env_CC_value=
ac_cv_env_CFLAGS_set=
ac_cv_env_CFLAGS_value=
ac_cv_env_CPPFLAGS_set=
ac_cv_env_CPPFLAGS_value=
ac_cv_env_CPP_set=
ac_cv_env_CPP_value=
ac_cv_env_LDFLAGS_set=
ac_cv_env_LDFLAGS_value=
ac_cv_env_LIBS_set=
ac_cv_env_LIBS_value=
ac_cv_env_XMKMF_set=
ac_cv_env_XMKMF_value=
ac_cv_env_build_alias_set=
ac_cv_env_build_alias_value=
ac_cv_env_host_alias_set=
ac_cv_env_host_alias_value=
ac_cv_env_target_alias_set=
ac_cv_env_target_alias_value=
ac_cv_func_bzero=yes
ac_cv_func_malloc_0_nonnull=yes
ac_cv_func_memset=yes
ac_cv_func_pow=yes
ac_cv_func_rindex=yes
ac_cv_func_sqrt=yes
ac_cv_func_strrchr=yes
ac_cv_func_strtod=yes
ac_cv_have_x=have_x=no
ac_cv_header_fcntl_h=yes
ac_cv_header_inttypes_h=yes
ac_cv_header_limits_h=yes
ac_cv_header_memory_h=yes
ac_cv_header_stdc=yes
ac_cv_header_stdint_h=yes
ac_cv_header_stdlib_h=yes
ac_cv_header_string_h=yes
ac_cv_header_strings_h=yes
ac_cv_header_sys_ioctl_h=yes
ac_cv_header_sys_stat_h=yes
ac_cv_header_sys_types_h=yes
ac_cv_header_unistd_h=yes
ac_cv_host=i386-apple-darwin19.6.0
ac_cv_lib_m_log=yes
ac_cv_objext=o
ac_cv_path_CSH=/bin/csh
ac_cv_path_EGREP='/usr/bin/grep -E'
ac_cv_path_GREP=/usr/bin/grep
ac_cv_path_install='/usr/bin/install -c'
ac_cv_prog_AWK=awk
ac_cv_prog_CPP='gcc -E'
ac_cv_prog_ac_ct_AR=ar
ac_cv_prog_ac_ct_CC=gcc
ac_cv_prog_ac_ct_RANLIB=ranlib
ac_cv_prog_cc_c89=
ac_cv_prog_cc_g=yes
ac_cv_prog_cc_gcc_c_o=yes
ac_cv_prog_gcc_traditional=no
ac_cv_prog_make_make_set=yes
ac_cv_type_size_t=yes
am_cv_CC_dependencies_compiler_type=gcc3

## ----------------- ##
## Output variables. ##
## ----------------- ##

ACLOCAL='${SHELL} /Users/athiyadeviyani/CMU-INDSTUDY/build/SPTK-3.6/config/missing --run aclocal-1.10'
AMDEPBACKSLASH='\'
AMDEP_FALSE='#'
AMDEP_TRUE=''
AMTAR='${SHELL} /Users/athiyadeviyani/CMU-INDSTUDY/build/SPTK-3.6/config/missing --run tar'
AR='ar'
AUTOCONF='${SHELL} /Users/athiyadeviyani/CMU-INDSTUDY/build/SPTK-3.6/config/missing --run autoconf'
AUTOHEADER='${SHELL} /Users/athiyadeviyani/CMU-INDSTUDY/build/SPTK-3.6/config/missing --run autoheader'
AUTOMAKE='${SHELL} /Users/athiyadeviyani/CMU-INDSTUDY/build/SPTK-3.6/config/missing --run automake-1.10'
AWK='awk'
CC='gcc'
CCDEPMODE='depmode=gcc3'
CFLAGS='-g -O2'
CPP='gcc -E'
CPPFLAGS=''
CSH='/bin/csh'
CYGPATH_W='echo'
DEFS='-DPACKAGE_NAME=\"SPTK\" -DPACKAGE_TARNAME=\"sptk\" -DPACKAGE_VERSION=\"3.6\" -DPACKAGE_STRING=\"SPTK\ 3.6\" -DPACKAGE_BUGREPORT=\"http://sourceforge.net/projects/sp-tk/\" -DHAVE_LIBM=1 -DX_DISPLAY_MISSING=1 -DSTDC_HEADERS=1 -DHAVE_SYS_TYPES_H=1 -DHAVE_SYS_STAT_H=1 -DHAVE_STDLIB_H=1 -DHAVE_STRING_H=1 -DHAVE_MEMORY_H=1 -DHAVE_STRINGS_H=1 -DHAVE_INTTYPES_H=1 -DHAVE_STDINT_H=1 -DHAVE_UNISTD_H=1 -DHAVE_FCNTL_H=1 -DHAVE_LIMITS_H=1 -DHAVE_STDLIB_H=1 -DHAVE_STRING_H=1 -DHAVE_STRINGS_H=1 -DHAVE_SYS_IOCTL_H=1 -DHAVE_STDLIB_H=1 -DHAVE_MALLOC=1 -DHAVE_BZERO=1 -DHAVE_MEMSET=1 -DHAVE_STRRCHR=1 -DHAVE_RINDEX=1 -DFORMAT=\"float\"'
DEPDIR='.deps'
ECHO_C='\c'
ECHO_N=''
ECHO_T=''
EGREP='/usr/bin/grep -E'
EXEEXT=''
GREP='/usr/bin/grep'
INSTALL_DATA='${INSTALL} -m 644'
INSTALL_PROGRAM='${INSTALL}'
INSTALL_SCRIPT='${INSTALL}'
INSTALL_STRIP_PROGRAM='$(install_sh) -c -s'
IO_FORMAT='float'
IO_SYMBOL='f'
LDFLAGS=''
LIBOBJS=''
LIBS='-lm '
LN_S='ln -s'
LTLIBOBJS=''
MAKEINFO='${SHELL} /Users/athiyadeviyani/CMU-INDSTUDY/build/SPTK-3.6/config/missing --run makeinfo'
MKDIR_P='config/install-sh -c -d'
OBJEXT='o'
PACKAGE='SPTK'
PACKAGE_BUGREPORT='http://sourceforge.net/projects/sp-tk/'
PACKAGE_NAME='SPTK'
PACKAGE_STRING='SPTK 3.6'
PACKAGE_TARNAME='sptk'
PACKAGE_VERSION='3.6'
PATH_SEPARATOR=':'
POW_LIB=''
RANLIB='ranlib'
SET_MAKE=''
SHELL='/bin/sh'
STRIP=''
USEDA_FALSE=''
USEDA_TRUE='#'
USEXGR_FALSE=''
USEXGR_TRUE='#'
VERSION='3.6'
XMKMF=''
X_CFLAGS=''
X_EXTRA_LIBS=''
X_LIBS=''
X_PRE_LIBS=''
ac_ct_CC='gcc'
am__fastdepCC_FALSE='#'
am__fastdepCC_TRUE=''
am__include='include'
am__isrc=''
am__leading_dot='.'
am__quote=''
am__tar='${AMTAR} chof - "$$tardir"'
am__untar='${AMTAR} xf -'
bindir='${exec_prefix}/bin'
build='i386-apple-darwin19.6.0'
build_alias=''
build_cpu='i386'
build_os='darwin19.6.0'
build_vendor='apple'
datadir='${datarootdir}'
datarootdir='${prefix}/share'
docdir='${datarootdir}/doc/${PACKAGE_TARNAME}'
dvidir='${docdir}'
exec_prefix='${prefix}'
host='i386-apple-darwin19.6.0'
host_alias=''
host_cpu='i386'
host_os='darwin19.6.0'
host_vendor='apple'
htmldir='${docdir}'
includedir='${prefix}/include'
infodir='${datarootdir}/info'
install_sh='$(SHELL) /Users/athiyadeviyani/CMU-INDSTUDY/build/SPTK-3.6/config/install-sh'
libdir='${exec_prefix}/lib'
libexecdir='${exec_prefix}/libexec'
localedir='${datarootdir}/locale'
localstatedir='${prefix}/var'
mandir='${datarootdir}/man'
mkdir_p='$(top_builddir)/config/install-sh -c -d'
oldincludedir='/usr/include'
pdfdir='${docdir}'
prefix='/Users/athiyadeviyani/CMU-INDSTUDY/build/SPTK'
program_transform_name='s,x,x,'
psdir='${docdir}'
sbindir='${exec_prefix}/sbin'
sharedstatedir='${prefix}/com'
sysconfdir='${prefix}/etc'
target_alias=''

## ----------- ##
## confdefs.h. ##
## ----------- ##

#define PACKAGE_NAME "SPTK"
#define PACKAGE_TARNAME "sptk"
#define PACKAGE_VERSION "3.6"
#define PACKAGE_STRING "SPTK 3.6"
#define PACKAGE_BUGREPORT "http://sourceforge.net/projects/sp-tk/"
#define HAVE_LIBM 1
#define X_DISPLAY_MISSING 1
#define STDC_HEADERS 1
#define HAVE_SYS_TYPES_H 1
#define HAVE_SYS_STAT_H 1
#define HAVE_STDLIB_H 1
#define HAVE_STRING_H 1
#define HAVE_MEMORY_H 1
#define HAVE_STRINGS_H 1
#define HAVE_INTTYPES_H 1
#define HAVE_STDINT_H 1
#define HAVE_UNISTD_H 1
#define HAVE_FCNTL_H 1
#define HAVE_LIMITS_H 1
#define HAVE_STDLIB_H 1
#define HAVE_STRING_H 1
#define HAVE_STRINGS_H 1
#define HAVE_SYS_IOCTL_H 1
#define HAVE_STDLIB_H 1
#define HAVE_MALLOC 1
#define HAVE_BZERO 1
#define HAVE_MEMSET 1
#define HAVE_STRRCHR 1
#define HAVE_RINDEX 1
#define FORMAT "float"

configure: exit 0
